<?xml version="1.0" encoding="UTF-8"?>
<testsuite xmlns:xsi="http://www.w3.org/2001/XMLSchema-instance" xsi:noNamespaceSchemaLocation="https://maven.apache.org/surefire/maven-surefire-plugin/xsd/surefire-test-report-3.0.xsd" version="3.0" name="com.ecommerce.product.controller.ProductControllerTest" time="6.299" tests="3" errors="0" skipped="0" failures="0">
  <properties>
[...]
</properties>
  <testcase name="getProductById_NotFound" classname="com.ecommerce.product.controller.ProductControllerTest" time="0.322">
    <system-out><![CDATA[21:57:49.132 [main] INFO org.springframework.test.context.support.AnnotationConfigContextLoaderUtils -- Could not detect default configuration classes for test class [com.ecommerce.product.controller.ProductControllerTest]: ProductControllerTest does not declare any static, non-private, non-final, nested classes annotated with @Configuration.
21:57:49.467 [main] INFO org.springframework.boot.test.context.SpringBootTestContextBootstrapper -- Found @SpringBootConfiguration com.ecommerce.product.ProductServiceApplication for test class com.ecommerce.product.controller.ProductControllerTest

  .   ____          _            __ _ _
 /\\ / ___'_ __ _ _(_)_ __  __ _ \ \ \ \
( ( )\___ | '_ | '_| | '_ \/ _` | \ \ \ \
 \\/  ___)| |_)| | | | | || (_| |  ) ) ) )
  '  |____| .__|_| |_|_| |_\__, | / / / /
 =========|_|==============|___/=/_/_/_/

 :: Spring Boot ::                (v3.3.5)

2026-08-18T21:57:50.253+05:30  INFO 18720 --- [product-service] [           main] c.e.p.controller.ProductControllerTest   : Starting ProductControllerTest using Java 21.0.5 with PID 18720 (started by preni in D:\dev\project\microservice-springboot-e-commerce\product-service)
2026-08-18T21:57:50.254+05:30 DEBUG 18720 --- [product-service] [           main] c.e.p.controller.ProductControllerTest   : Running with Spring Boot v3.3.5, Spring v6.1.14
2026-08-18T21:57:50.255+05:30  INFO 18720 --- [product-service] [           main] c.e.p.controller.ProductControllerTest   : The following 1 profile is active: "local"
2026-08-18T21:57:53.576+05:30  WARN 18720 --- [product-service] [           main] .s.s.UserDetailsServiceAutoConfiguration : 

Using generated security password: fe54d764-e099-4f43-a912-ee48b4b5b89c

This generated password is for development use only. Your security configuration must be updated before running your application in production.

2026-08-18T21:57:53.626+05:30  INFO 18720 --- [product-service] [           main] r$InitializeUserDetailsManagerConfigurer : Global AuthenticationManager configured with UserDetailsService bean with name inMemoryUserDetailsManager
2026-08-18T21:57:54.458+05:30 DEBUG 18720 --- [product-service] [           main] c.e.product.filter.CorrelationIdFilter   : Filter 'correlationIdFilter' configured for use
2026-08-18T21:57:54.459+05:30 DEBUG 18720 --- [product-service] [           main] c.e.product.filter.RequestLoggingFilter  : Filter 'requestLoggingFilter' configured for use
2026-08-18T21:57:54.459+05:30 DEBUG 18720 --- [product-service] [           main] c.e.p.security.JwtAuthenticationFilter   : Filter 'jwtAuthenticationFilter' configured for use
2026-08-18T21:57:54.470+05:30  INFO 18720 --- [product-service] [           main] o.s.b.t.m.w.SpringBootMockServletContext : Initializing Spring TestDispatcherServlet ''
2026-08-18T21:57:54.470+05:30  INFO 18720 --- [product-service] [           main] o.s.t.web.servlet.TestDispatcherServlet  : Initializing Servlet ''
2026-08-18T21:57:54.473+05:30  INFO 18720 --- [product-service] [           main] o.s.t.web.servlet.TestDispatcherServlet  : Completed initialization in 3 ms
2026-08-18T21:57:54.528+05:30  INFO 18720 --- [product-service] [           main] c.e.p.controller.ProductControllerTest   : Started ProductControllerTest in 4.916 seconds (process running for 6.506)
2026-08-18T21:57:54.629+05:30  INFO 18720 --- [product-service] [           main] c.e.product.filter.RequestLoggingFilter  : Incoming REST Request: [GET /api/v1/products/99]
2026-08-18T21:57:54.688+05:30 DEBUG 18720 --- [product-service] [           main] c.e.p.controller.ProductController       : REST Request to get product by ID: 99
2026-08-18T21:57:54.697+05:30  WARN 18720 --- [product-service] [           main] c.e.p.exception.GlobalExceptionHandler   : Resource not found exception on path /api/v1/products/99: Product with ID 99 was not found
2026-08-18T21:57:54.773+05:30  INFO 18720 --- [product-service] [           main] c.e.product.filter.RequestLoggingFilter  : Completed REST Request: [GET /api/v1/products/99] -> HTTP 404 in 144 ms
]]></system-out>
    <system-err><![CDATA[WARNING: A Java agent has been loaded dynamically (C:\Users\preni\.m2\repository\net\bytebuddy\byte-buddy-agent\1.14.19\byte-buddy-agent-1.14.19.jar)
WARNING: If a serviceability tool is in use, please run with -XX:+EnableDynamicAgentLoading to hide this warning
WARNING: If a serviceability tool is not in use, please run with -Djdk.instrument.traceUsage for more information
WARNING: Dynamic loading of agents will be disallowed by default in a future release
]]></system-err>
  </testcase>
  <testcase name="createProduct_InvalidPayload_ReturnsBadRequest" classname="com.ecommerce.product.controller.ProductControllerTest" time="0.259">
    <system-out><![CDATA[2026-08-18T21:57:54.918+05:30  INFO 18720 --- [product-service] [           main] c.e.product.filter.RequestLoggingFilter  : Incoming REST Request: [POST /api/v1/products]
2026-08-18T21:57:55.120+05:30  WARN 18720 --- [product-service] [           main] c.e.p.exception.GlobalExceptionHandler   : Validation error on path /api/v1/products: 6 field errors
2026-08-18T21:57:55.125+05:30  INFO 18720 --- [product-service] [           main] c.e.product.filter.RequestLoggingFilter  : Completed REST Request: [POST /api/v1/products] -> HTTP 400 in 207 ms
]]></system-out>
  </testcase>
  <testcase name="createProduct_Success" classname="com.ecommerce.product.controller.ProductControllerTest" time="0.031">
    <system-out><![CDATA[2026-08-18T21:57:55.149+05:30  INFO 18720 --- [product-service] [           main] c.e.product.filter.RequestLoggingFilter  : Incoming REST Request: [POST /api/v1/products]
2026-08-18T21:57:55.152+05:30  INFO 18720 --- [product-service] [           main] c.e.p.controller.ProductController       : REST Request to create product: Gaming Laptop
2026-08-18T21:57:55.160+05:30  INFO 18720 --- [product-service] [           main] c.e.product.filter.RequestLoggingFilter  : Completed REST Request: [POST /api/v1/products] -> HTTP 201 in 12 ms
]]></system-out>
  </testcase>
</testsuite>